<?xml version="1.0" encoding="UTF-8"?>
<testng-results ignored="0" total="1" passed="1" failed="0" skipped="0">
  <reporter-output>
    <line>
      <![CDATA[Open Browser]]>
    </line>
    <line>
      <![CDATA[login]]>
    </line>
    <line>
      <![CDATA[addAndDeleteCustomerhas got Passed]]>
    </line>
    <line>
      <![CDATA[logout]]>
    </line>
    <line>
      <![CDATA[closeBrowser]]>
    </line>
  </reporter-output>
  <suite started-at="2024-04-14T11:21:51 IST" name="Default suite" finished-at="2024-04-14T11:22:20 IST" duration-ms="29741">
    <groups>
    </groups>
    <test started-at="2024-04-14T11:21:51 IST" name="Default test" finished-at="2024-04-14T11:22:20 IST" duration-ms="29741">
      <class name="com.rgp.testscript.CustomerModule">
        <test-method is-config="true" signature="openBrowser()[pri:0, instance:com.rgp.testscript.CustomerModule@76a4ebf2]" started-at="2024-04-14T11:21:51 IST" name="openBrowser" finished-at="2024-04-14T11:21:55 IST" duration-ms="4283" status="PASS">
          <reporter-output>
            <line>
              <![CDATA[Open Browser]]>
            </line>
          </reporter-output>
        </test-method> <!-- openBrowser -->
        <test-method is-config="true" signature="login()[pri:0, instance:com.rgp.testscript.CustomerModule@76a4ebf2]" started-at="2024-04-14T11:21:55 IST" name="login" finished-at="2024-04-14T11:21:55 IST" duration-ms="516" status="PASS">
          <reporter-output>
            <line>
              <![CDATA[login]]>
            </line>
          </reporter-output>
        </test-method> <!-- login -->
        <test-method signature="addAndDeleteCustomer()[pri:0, instance:com.rgp.testscript.CustomerModule@76a4ebf2]" started-at="2024-04-14T11:21:55 IST" name="addAndDeleteCustomer" finished-at="2024-04-14T11:22:18 IST" duration-ms="22964" status="PASS">
          <reporter-output>
            <line>
              <![CDATA[addAndDeleteCustomerhas got Passed]]>
            </line>
          </reporter-output>
        </test-method> <!-- addAndDeleteCustomer -->
        <test-method is-config="true" signature="logout()[pri:0, instance:com.rgp.testscript.CustomerModule@76a4ebf2]" started-at="2024-04-14T11:22:18 IST" name="logout" finished-at="2024-04-14T11:22:20 IST" duration-ms="1456" status="PASS">
          <reporter-output>
            <line>
              <![CDATA[logout]]>
            </line>
          </reporter-output>
        </test-method> <!-- logout -->
        <test-method is-config="true" signature="closeBrowser()[pri:0, instance:com.rgp.testscript.CustomerModule@76a4ebf2]" started-at="2024-04-14T11:22:20 IST" name="closeBrowser" finished-at="2024-04-14T11:22:20 IST" duration-ms="424" status="PASS">
          <reporter-output>
            <line>
              <![CDATA[closeBrowser]]>
            </line>
          </reporter-output>
        </test-method> <!-- closeBrowser -->
      </class> <!-- com.rgp.testscript.CustomerModule -->
    </test> <!-- Default test -->
  </suite> <!-- Default suite -->
</testng-results>
