<?xml version="1.0" encoding="UTF-8"?>
<testng-results ignored="0" total="1" passed="1" failed="0" skipped="0">
  <reporter-output>
    <line>
      <![CDATA[Open Browser]]>
    </line>
    <line>
      <![CDATA[login]]>
    </line>
    <line>
      <![CDATA[addAndDeleteCustomerhas got Passed]]>
    </line>
    <line>
      <![CDATA[logout]]>
    </line>
    <line>
      <![CDATA[closeBrowser]]>
    </line>
  </reporter-output>
  <suite started-at="2024-04-14T11:27:17 IST" name="Suite" finished-at="2024-04-14T11:27:47 IST" duration-ms="29970">
    <groups>
    </groups>
    <test started-at="2024-04-14T11:27:17 IST" name="Test" finished-at="2024-04-14T11:27:47 IST" duration-ms="29970">
      <class name="com.rgp.testscript.CustomerModule">
        <test-method is-config="true" signature="openBrowser()[pri:0, instance:com.rgp.testscript.CustomerModule@1dde4cb2]" started-at="2024-04-14T11:27:17 IST" name="openBrowser" finished-at="2024-04-14T11:27:22 IST" duration-ms="4987" status="PASS">
          <reporter-output>
            <line>
              <![CDATA[Open Browser]]>
            </line>
          </reporter-output>
        </test-method> <!-- openBrowser -->
        <test-method is-config="true" signature="login()[pri:0, instance:com.rgp.testscript.CustomerModule@1dde4cb2]" started-at="2024-04-14T11:27:23 IST" name="login" finished-at="2024-04-14T11:27:23 IST" duration-ms="733" status="PASS">
          <reporter-output>
            <line>
              <![CDATA[login]]>
            </line>
          </reporter-output>
        </test-method> <!-- login -->
        <test-method signature="addAndDeleteCustomer()[pri:0, instance:com.rgp.testscript.CustomerModule@1dde4cb2]" started-at="2024-04-14T11:27:23 IST" name="addAndDeleteCustomer" finished-at="2024-04-14T11:27:47 IST" duration-ms="23571" status="PASS">
          <reporter-output>
            <line>
              <![CDATA[addAndDeleteCustomerhas got Passed]]>
            </line>
          </reporter-output>
        </test-method> <!-- addAndDeleteCustomer -->
        <test-method is-config="true" signature="logout()[pri:0, instance:com.rgp.testscript.CustomerModule@1dde4cb2]" started-at="2024-04-14T11:27:47 IST" name="logout" finished-at="2024-04-14T11:27:47 IST" duration-ms="280" status="PASS">
          <reporter-output>
            <line>
              <![CDATA[logout]]>
            </line>
          </reporter-output>
        </test-method> <!-- logout -->
        <test-method is-config="true" signature="closeBrowser()[pri:0, instance:com.rgp.testscript.CustomerModule@1dde4cb2]" started-at="2024-04-14T11:27:47 IST" name="closeBrowser" finished-at="2024-04-14T11:27:47 IST" duration-ms="310" status="PASS">
          <reporter-output>
            <line>
              <![CDATA[closeBrowser]]>
            </line>
          </reporter-output>
        </test-method> <!-- closeBrowser -->
      </class> <!-- com.rgp.testscript.CustomerModule -->
    </test> <!-- Test -->
  </suite> <!-- Suite -->
</testng-results>
